<?xml version="1.0" encoding="UTF-8"?>
<!-- Generated by org.testng.reporters.JUnitReportReporter -->
<testsuite skipped="0" hostname="M3106868" name="com.ImapTesting.testcases.TC_CreateUnit" tests="15" failures="0" timestamp="22 May 2019 09:51:25 GMT" time="20.340" errors="0">
  <testcase name="Successfulllogin" time="1.290" classname="com.ImapTesting.testcases.TC_CreateUnit"/>
  <testcase name="validatedashboardpage" time="1.878" classname="com.ImapTesting.testcases.TC_CreateUnit"/>
  <testcase name="Verify_clickresproj" time="5.864" classname="com.ImapTesting.testcases.TC_CreateUnit"/>
  <testcase name="Verify_nameproject" time="0.408" classname="com.ImapTesting.testcases.TC_CreateUnit"/>
  <testcase name="Verify_saveclick" time="1.276" classname="com.ImapTesting.testcases.TC_CreateUnit"/>
  <testcase name="VerifyToasterMessage" time="2.423" classname="com.ImapTesting.testcases.TC_CreateUnit"/>
  <testcase name="Verify_ClickCreateunit" time="0.857" classname="com.ImapTesting.testcases.TC_CreateUnit"/>
  <testcase name="Verify_Unitnme" time="0.516" classname="com.ImapTesting.testcases.TC_CreateUnit"/>
  <testcase name="Verify_selectunittype" time="1.033" classname="com.ImapTesting.testcases.TC_CreateUnit"/>
  <testcase name="Verify_selectconfiguration" time="0.969" classname="com.ImapTesting.testcases.TC_CreateUnit"/>
  <testcase name="Verify_refrigerant" time="0.267" classname="com.ImapTesting.testcases.TC_CreateUnit"/>
  <testcase name="Verify_Altitude" time="0.267" classname="com.ImapTesting.testcases.TC_CreateUnit"/>
  <testcase name="Verify_UnitInfo" time="0.397" classname="com.ImapTesting.testcases.TC_CreateUnit"/>
  <testcase name="Verify_clicksavebtn" time="0.218" classname="com.ImapTesting.testcases.TC_CreateUnit"/>
  <testcase name="verify_ToastMsg" time="2.677" classname="com.ImapTesting.testcases.TC_CreateUnit"/>
</testsuite> <!-- com.ImapTesting.testcases.TC_CreateUnit -->
