<?xml version="1.0" encoding="UTF-8"?>
<!-- Generated by org.testng.reporters.JUnitReportReporter -->
<testsuite skipped="0" hostname="M3106868" name="com.ImapTesting.testcases.TC_Dash_MyProject_CreateProject" tests="12" failures="0" timestamp="21 May 2019 11:37:00 GMT" time="11.472" errors="0">
  <testcase name="Successfulllogin" time="1.505" classname="com.ImapTesting.testcases.TC_Dash_MyProject_CreateProject"/>
  <testcase name="validatedashboardpage" time="1.475" classname="com.ImapTesting.testcases.TC_Dash_MyProject_CreateProject"/>
  <testcase name="clickMyProjectIcon" time="4.312" classname="com.ImapTesting.testcases.TC_Dash_MyProject_CreateProject"/>
  <testcase name="MyProject" time="0.224" classname="com.ImapTesting.testcases.TC_Dash_MyProject_CreateProject"/>
  <testcase name="VerifyClick_CreateProject" time="0.820" classname="com.ImapTesting.testcases.TC_Dash_MyProject_CreateProject"/>
  <testcase name="ClickDrpGroup" time="0.228" classname="com.ImapTesting.testcases.TC_Dash_MyProject_CreateProject"/>
  <testcase name="Verify_GroupDrpList" time="0.196" classname="com.ImapTesting.testcases.TC_Dash_MyProject_CreateProject"/>
  <testcase name="Verify_clickproductline" time="0.132" classname="com.ImapTesting.testcases.TC_Dash_MyProject_CreateProject"/>
  <testcase name="Verify_drpproductline" time="0.268" classname="com.ImapTesting.testcases.TC_Dash_MyProject_CreateProject"/>
  <testcase name="Verify_SaveBtnStatus" time="0.102" classname="com.ImapTesting.testcases.TC_Dash_MyProject_CreateProject"/>
  <testcase name="Verify_WarningToaster" time="1.900" classname="com.ImapTesting.testcases.TC_Dash_MyProject_CreateProject"/>
  <testcase name="Verify_ClickCancelBtn" time="0.310" classname="com.ImapTesting.testcases.TC_Dash_MyProject_CreateProject"/>
</testsuite> <!-- com.ImapTesting.testcases.TC_Dash_MyProject_CreateProject -->
