<?xml version="1.0" encoding="UTF-8"?>
<!-- Generated by org.testng.reporters.JUnitReportReporter -->
<testsuite skipped="0" hostname="M3106868" name="com.ImapTesting.testcases.TC_NewProject" tests="20" failures="0" timestamp="16 May 2019 14:48:37 GMT" time="28.566" errors="0">
  <testcase name="Successfulllogin" time="6.374" classname="com.ImapTesting.testcases.TC_NewProject"/>
  <testcase name="validatedashboardpage" time="1.871" classname="com.ImapTesting.testcases.TC_NewProject"/>
  <testcase name="Validate_NewProject_ResProject" time="5.847" classname="com.ImapTesting.testcases.TC_NewProject"/>
  <testcase name="ClickGrpDrop" time="0.703" classname="com.ImapTesting.testcases.TC_NewProject"/>
  <testcase name="Verify_GroupDropDownList" time="0.415" classname="com.ImapTesting.testcases.TC_NewProject"/>
  <testcase name="Verify_DropDownEnableOrNot" time="0.188" classname="com.ImapTesting.testcases.TC_NewProject"/>
  <testcase name="Verify_SaveBtn" time="0.145" classname="com.ImapTesting.testcases.TC_NewProject"/>
  <testcase name="Verify_BtnClickCancel" time="0.144" classname="com.ImapTesting.testcases.TC_NewProject"/>
  <testcase name="Validate_NewProject_RoofProject" time="5.259" classname="com.ImapTesting.testcases.TC_NewProject"/>
  <testcase name="Roof_ClickGrpDrop" time="0.277" classname="com.ImapTesting.testcases.TC_NewProject"/>
  <testcase name="Verify_RoofGroupDropDownList" time="0.309" classname="com.ImapTesting.testcases.TC_NewProject"/>
  <testcase name="Verify_RoofDropDownEnableOrNot" time="0.127" classname="com.ImapTesting.testcases.TC_NewProject"/>
  <testcase name="Verify_RoofSaveBtn" time="0.162" classname="com.ImapTesting.testcases.TC_NewProject"/>
  <testcase name="Verify_RoofBtnClickCancel" time="0.228" classname="com.ImapTesting.testcases.TC_NewProject"/>
  <testcase name="Validate_NewProject_RACPACProject" time="5.278" classname="com.ImapTesting.testcases.TC_NewProject"/>
  <testcase name="RACPAC_ClickGrpDrop" time="0.396" classname="com.ImapTesting.testcases.TC_NewProject"/>
  <testcase name="Verify_RACPACGroupDropDownList" time="0.347" classname="com.ImapTesting.testcases.TC_NewProject"/>
  <testcase name="Verify_RACPACDropDownEnableOrNot" time="0.156" classname="com.ImapTesting.testcases.TC_NewProject"/>
  <testcase name="Verify_RACPACSaveBtn" time="0.173" classname="com.ImapTesting.testcases.TC_NewProject"/>
  <testcase name="Verify_RACPACBtnClickCancel" time="0.167" classname="com.ImapTesting.testcases.TC_NewProject"/>
</testsuite> <!-- com.ImapTesting.testcases.TC_NewProject -->
