<?xml version="1.0" encoding="UTF-8"?>
<!-- Generated by org.testng.reporters.JUnitReportReporter -->
<testsuite skipped="0" hostname="M3106868" name="com.ImapTesting.testcases.TC_MyUnit_CreateUnit" tests="11" failures="0" timestamp="21 May 2019 11:15:36 GMT" time="14.600" errors="0">
  <testcase name="Successfulllogin" time="1.963" classname="com.ImapTesting.testcases.TC_MyUnit_CreateUnit"/>
  <testcase name="validatedashboardpage" time="2.384" classname="com.ImapTesting.testcases.TC_MyUnit_CreateUnit"/>
  <testcase name="Verify_clickMyunit" time="2.587" classname="com.ImapTesting.testcases.TC_MyUnit_CreateUnit"/>
  <testcase name="Verify_Btn_ClickCreateUnit" time="2.620" classname="com.ImapTesting.testcases.TC_MyUnit_CreateUnit"/>
  <testcase name="Verify_ProjectDropDownList" time="1.891" classname="com.ImapTesting.testcases.TC_MyUnit_CreateUnit"/>
  <testcase name="Verify_EnterUnitName" time="0.245" classname="com.ImapTesting.testcases.TC_MyUnit_CreateUnit"/>
  <testcase name="Verify_SelectUnitType" time="1.123" classname="com.ImapTesting.testcases.TC_MyUnit_CreateUnit"/>
  <testcase name="Verify_SelectConfig" time="0.484" classname="com.ImapTesting.testcases.TC_MyUnit_CreateUnit"/>
  <testcase name="Verify_SelectRefrigerant" time="0.340" classname="com.ImapTesting.testcases.TC_MyUnit_CreateUnit"/>
  <testcase name="Verify_CheckToaster" time="0.766" classname="com.ImapTesting.testcases.TC_MyUnit_CreateUnit"/>
  <testcase name="Verify_BtnClickCancel" time="0.197" classname="com.ImapTesting.testcases.TC_MyUnit_CreateUnit"/>
</testsuite> <!-- com.ImapTesting.testcases.TC_MyUnit_CreateUnit -->
