<?xml version="1.0" encoding="UTF-8"?>
<!-- Generated by org.testng.reporters.JUnitReportReporter -->
<testsuite skipped="0" hostname="M3106868" name="com.ImapTesting.testcases.TC_CreateProject" tests="6" failures="0" timestamp="21 May 2019 14:35:54 GMT" time="11.615" errors="0">
  <testcase name="Successfulllogin" time="0.559" classname="com.ImapTesting.testcases.TC_CreateProject"/>
  <testcase name="validatedashboardpage" time="1.735" classname="com.ImapTesting.testcases.TC_CreateProject"/>
  <testcase name="Verify_ClickResProject" time="5.784" classname="com.ImapTesting.testcases.TC_CreateProject"/>
  <testcase name="Verify_EnterProjectName" time="0.301" classname="com.ImapTesting.testcases.TC_CreateProject"/>
  <testcase name="Verify_Btn_clickSave" time="1.264" classname="com.ImapTesting.testcases.TC_CreateProject"/>
  <testcase name="Verify_SuccessToaster" time="1.972" classname="com.ImapTesting.testcases.TC_CreateProject"/>
</testsuite> <!-- com.ImapTesting.testcases.TC_CreateProject -->
