<?xml version="1.0" encoding="UTF-8"?>
<!-- Generated by org.testng.reporters.JUnitReportReporter -->
<testsuite skipped="0" hostname="M3106868" name="com.ImapTesting.testcases.TC_Dashboard" tests="53" failures="0" timestamp="15 May 2019 09:42:13 GMT" time="49.774" errors="0">
  <testcase name="Successfulllogin" time="1.155" classname="com.ImapTesting.testcases.TC_Dashboard"/>
  <testcase name="validatedashboardpage" time="1.128" classname="com.ImapTesting.testcases.TC_Dashboard"/>
  <testcase name="VerifyNav_MyProject" time="0.817" classname="com.ImapTesting.testcases.TC_Dashboard"/>
  <testcase name="Verify_NavMyProjectPage" time="0.782" classname="com.ImapTesting.testcases.TC_Dashboard"/>
  <testcase name="VerifyNav_Dashboard" time="0.855" classname="com.ImapTesting.testcases.TC_Dashboard"/>
  <testcase name="Verify_Dash_StandardProjectLabel" time="0.670" classname="com.ImapTesting.testcases.TC_Dashboard"/>
  <testcase name="Verify_NavSharedProject" time="0.211" classname="com.ImapTesting.testcases.TC_Dashboard"/>
  <testcase name="Verify_NavSharedProjectManageProjectLabel" time="0.815" classname="com.ImapTesting.testcases.TC_Dashboard"/>
  <testcase name="Verify_SimReports" time="0.814" classname="com.ImapTesting.testcases.TC_Dashboard"/>
  <testcase name="Verify_NavSimReportLabel" time="0.737" classname="com.ImapTesting.testcases.TC_Dashboard"/>
  <testcase name="Verify_ClickUtilities" time="3.073" classname="com.ImapTesting.testcases.TC_Dashboard"/>
  <testcase name="Verify_NavPsychrometricsLabel" time="0.926" classname="com.ImapTesting.testcases.TC_Dashboard"/>
  <testcase name="Verify_Utilities_RefPropLabel" time="0.593" classname="com.ImapTesting.testcases.TC_Dashboard"/>
  <testcase name="Verify_ClickFavorite" time="0.275" classname="com.ImapTesting.testcases.TC_Dashboard"/>
  <testcase name="Verify_AddCompDataBtn" time="1.384" classname="com.ImapTesting.testcases.TC_Dashboard"/>
  <testcase name="Verify_RTPFTubeData" time="0.790" classname="com.ImapTesting.testcases.TC_Dashboard"/>
  <testcase name="Verify_AddRTPFTubeDataButton" time="0.677" classname="com.ImapTesting.testcases.TC_Dashboard"/>
  <testcase name="Verify_MCTubeData" time="0.778" classname="com.ImapTesting.testcases.TC_Dashboard"/>
  <testcase name="Verify_AddMCTubeDataButton" time="0.707" classname="com.ImapTesting.testcases.TC_Dashboard"/>
  <testcase name="Verify_FinData" time="1.298" classname="com.ImapTesting.testcases.TC_Dashboard"/>
  <testcase name="Verify_AddFinDataButton" time="0.889" classname="com.ImapTesting.testcases.TC_Dashboard"/>
  <testcase name="Verify_FilterAPData" time="0.735" classname="com.ImapTesting.testcases.TC_Dashboard"/>
  <testcase name="Verify_ADDFilterAPDataButton" time="0.654" classname="com.ImapTesting.testcases.TC_Dashboard"/>
  <testcase name="Verify_ReturnAPData" time="0.728" classname="com.ImapTesting.testcases.TC_Dashboard"/>
  <testcase name="Verify_ADDReturnAPDataButton" time="0.867" classname="com.ImapTesting.testcases.TC_Dashboard"/>
  <testcase name="Verify_PipingData" time="0.695" classname="com.ImapTesting.testcases.TC_Dashboard"/>
  <testcase name="Verify_AddPipingDataButton" time="0.685" classname="com.ImapTesting.testcases.TC_Dashboard"/>
  <testcase name="Verify_OutdoorCoilRTPF" time="0.781" classname="com.ImapTesting.testcases.TC_Dashboard"/>
  <testcase name="Verify_OutdoorCoilRTPFTitle" time="1.167" classname="com.ImapTesting.testcases.TC_Dashboard"/>
  <testcase name="Verify_OutdoorCoilMicrochannel" time="1.510" classname="com.ImapTesting.testcases.TC_Dashboard"/>
  <testcase name="Verify_OutdoorCoilMicrochannelButton" time="2.021" classname="com.ImapTesting.testcases.TC_Dashboard"/>
  <testcase name="Verify_IndoorCoilRtpf" time="1.871" classname="com.ImapTesting.testcases.TC_Dashboard"/>
  <testcase name="Verify_AddIndoorCoilRtpfButton" time="1.389" classname="com.ImapTesting.testcases.TC_Dashboard"/>
  <testcase name="Verify_IndoorCoilMicrochanne" time="1.544" classname="com.ImapTesting.testcases.TC_Dashboard"/>
  <testcase name="Verify_AddIndoorCoilMicrochannelButton" time="0.693" classname="com.ImapTesting.testcases.TC_Dashboard"/>
  <testcase name="Verify_IndoorFan" time="1.387" classname="com.ImapTesting.testcases.TC_Dashboard"/>
  <testcase name="Verify_AddIndoorFanDataButton" time="0.884" classname="com.ImapTesting.testcases.TC_Dashboard"/>
  <testcase name="Verify_OutdoorFan" time="0.701" classname="com.ImapTesting.testcases.TC_Dashboard"/>
  <testcase name="Verify_AddOutdoorFanDataButton" time="0.730" classname="com.ImapTesting.testcases.TC_Dashboard"/>
  <testcase name="Verify_ClickBinMyProject" time="0.719" classname="com.ImapTesting.testcases.TC_Dashboard"/>
  <testcase name="Verify_MyProjectName_BinMyProject" time="0.731" classname="com.ImapTesting.testcases.TC_Dashboard"/>
  <testcase name="Verify_ClickBinMyUnit" time="0.748" classname="com.ImapTesting.testcases.TC_Dashboard"/>
  <testcase name="Verify_MyUnitName" time="0.141" classname="com.ImapTesting.testcases.TC_Dashboard"/>
  <testcase name="VerifyClick_UserRequest" time="0.420" classname="com.ImapTesting.testcases.TC_Dashboard"/>
  <testcase name="Verify_UserRequestLabel" time="0.721" classname="com.ImapTesting.testcases.TC_Dashboard"/>
  <testcase name="VerifyClick_ManageUsers" time="0.725" classname="com.ImapTesting.testcases.TC_Dashboard"/>
  <testcase name="Verify_AddUserManageUsers_Button" time="0.703" classname="com.ImapTesting.testcases.TC_Dashboard"/>
  <testcase name="Verify_ClickMyProject" time="1.620" classname="com.ImapTesting.testcases.TC_Dashboard"/>
  <testcase name="Verify_CreateProjectBtn_DashMyProject" time="0.148" classname="com.ImapTesting.testcases.TC_Dashboard"/>
  <testcase name="Verify_ClickMyUnit" time="1.422" classname="com.ImapTesting.testcases.TC_Dashboard"/>
  <testcase name="verify_CreateUnitbtn_DashMyproject" time="1.366" classname="com.ImapTesting.testcases.TC_Dashboard"/>
  <testcase name="Verify_ClickStandardProject" time="1.676" classname="com.ImapTesting.testcases.TC_Dashboard"/>
  <testcase name="Verify_BtnCreateProject_StandardProject" time="0.218" classname="com.ImapTesting.testcases.TC_Dashboard"/>
</testsuite> <!-- com.ImapTesting.testcases.TC_Dashboard -->
